<?xml version="1.0" encoding="UTF-8"?>
<testsuite xmlns:xsi="http://www.w3.org/2001/XMLSchema-instance" xsi:noNamespaceSchemaLocation="https://maven.apache.org/surefire/maven-surefire-plugin/xsd/surefire-test-report.xsd" name="com.mervetuncelkaya.repository.CreditAppRepositoryTest" time="16.535" tests="2" errors="0" skipped="0" failures="0">
  <properties>
[...]
</properties>
  <testcase name="findByTckn" classname="com.mervetuncelkaya.repository.CreditAppRepositoryTest" time="2.383"/>
  <testcase name="noCreditAppsTest" classname="com.mervetuncelkaya.repository.CreditAppRepositoryTest" time="1.118"/>
</testsuite>